2025-08-07 18:21:55,019 [INFO] :rocket: Running Scrapy spider...
2025-08-07 18:21:58,565 [INFO] :white_check_mark: Scraping complete.
2025-08-07 18:21:58,565 [INFO] :inbox_tray: Appending JSON to CSV...
2025-08-07 18:21:58,640 [INFO] :white_check_mark: Append complete.
2025-08-07 18:21:58,640 [INFO] 

2025-08-08 10:00:05,203 [INFO] :rocket: Running Scrapy spider...
2025-08-08 10:00:07,859 [INFO] :white_check_mark: Scraping complete.
2025-08-08 10:00:07,859 [INFO] :inbox_tray: Appending JSON to CSV...
2025-08-08 10:00:07,890 [INFO] :white_check_mark: Append complete.
2025-08-08 10:00:07,890 [INFO] 

2025-08-08 10:14:45,072 [INFO] :rocket: Running Scrapy spider...
2025-08-08 10:14:48,015 [INFO] :white_check_mark: Scraping complete.
2025-08-08 10:14:48,015 [INFO] :inbox_tray: Appending JSON to CSV...
2025-08-08 10:14:48,046 [INFO] :white_check_mark: Append complete.
2025-08-08 10:14:48,046 [INFO] 

2025-08-09 04:02:42,371 [INFO] :rocket: Running Scrapy spider...
2025-08-09 04:02:45,383 [INFO] :white_check_mark: Scraping complete.
2025-08-09 04:02:45,383 [INFO] :inbox_tray: Appending JSON to CSV...
2025-08-09 04:02:45,414 [INFO] :white_check_mark: Append complete.
2025-08-09 04:02:45,414 [INFO] 

2025-08-10 04:26:04,092 [INFO] :rocket: Running Scrapy spider...
2025-08-10 04:26:11,200 [INFO] :white_check_mark: Scraping complete.
2025-08-10 04:26:11,200 [INFO] :inbox_tray: Appending JSON to CSV...
2025-08-10 04:26:11,229 [INFO] :white_check_mark: Append complete.
2025-08-10 04:26:11,229 [INFO] 

2025-08-11 04:28:26,888 [INFO] :rocket: Running Scrapy spider...
2025-08-11 04:28:30,685 [INFO] :white_check_mark: Scraping complete.
2025-08-11 04:28:30,685 [INFO] :inbox_tray: Appending JSON to CSV...
2025-08-11 04:28:30,716 [INFO] :white_check_mark: Append complete.
2025-08-11 04:28:30,716 [INFO] 

2025-08-12 04:01:06,919 [INFO] :rocket: Running Scrapy spider...
2025-08-12 04:01:10,850 [INFO] :white_check_mark: Scraping complete.
2025-08-12 04:01:10,850 [INFO] :inbox_tray: Appending JSON to CSV...
2025-08-12 04:01:10,881 [INFO] :white_check_mark: Append complete.
2025-08-12 04:01:10,881 [INFO] 

2025-08-13 04:03:14,571 [INFO] :rocket: Running Scrapy spider...
2025-08-13 04:03:18,248 [INFO] :white_check_mark: Scraping complete.
2025-08-13 04:03:18,248 [INFO] :inbox_tray: Appending JSON to CSV...
2025-08-13 04:03:18,278 [INFO] :white_check_mark: Append complete.
2025-08-13 04:03:18,278 [INFO] 

2025-08-14 04:03:52,212 [INFO] :rocket: Running Scrapy spider...
2025-08-14 04:03:56,067 [INFO] :white_check_mark: Scraping complete.
2025-08-14 04:03:56,067 [INFO] :inbox_tray: Appending JSON to CSV...
2025-08-14 04:03:56,097 [INFO] :white_check_mark: Append complete.
2025-08-14 04:03:56,097 [INFO] 

2025-08-15 04:04:26,706 [INFO] :rocket: Running Scrapy spider...
2025-08-15 04:04:29,202 [INFO] :white_check_mark: Scraping complete.
2025-08-15 04:04:29,203 [INFO] :inbox_tray: Appending JSON to CSV...
2025-08-15 04:04:29,234 [INFO] :white_check_mark: Append complete.
2025-08-15 04:04:29,235 [INFO] 

2025-08-16 03:57:21,150 [INFO] :rocket: Running Scrapy spider...
2025-08-16 03:57:24,400 [INFO] :white_check_mark: Scraping complete.
2025-08-16 03:57:24,400 [INFO] :inbox_tray: Appending JSON to CSV...
2025-08-16 03:57:24,430 [INFO] :white_check_mark: Append complete.
2025-08-16 03:57:24,430 [INFO] 

2025-08-17 04:07:44,794 [INFO] :rocket: Running Scrapy spider...
2025-08-17 04:07:47,930 [INFO] :white_check_mark: Scraping complete.
2025-08-17 04:07:47,930 [INFO] :inbox_tray: Appending JSON to CSV...
2025-08-17 04:07:47,960 [INFO] :white_check_mark: Append complete.
2025-08-17 04:07:47,960 [INFO] 

2025-08-18 04:22:52,256 [INFO] :rocket: Running Scrapy spider...
2025-08-18 04:22:55,494 [INFO] :white_check_mark: Scraping complete.
2025-08-18 04:22:55,494 [INFO] :inbox_tray: Appending JSON to CSV...
2025-08-18 04:22:55,523 [INFO] :white_check_mark: Append complete.
2025-08-18 04:22:55,523 [INFO] 

2025-08-19 03:53:28,504 [INFO] :rocket: Running Scrapy spider...
2025-08-19 03:53:31,186 [INFO] :white_check_mark: Scraping complete.
2025-08-19 03:53:31,186 [INFO] :inbox_tray: Appending JSON to CSV...
2025-08-19 03:53:31,215 [INFO] :white_check_mark: Append complete.
2025-08-19 03:53:31,215 [INFO] 

